00:00:00.329235 VirtualBox GUI VM Selector Window 6.0.16 r135674 linux.amd64 (Jan 14 2020 10:17:21) release log
00:00:00.329237 Log opened 2020-02-19T04:23:33.729345000Z
00:00:00.329238 Build Type: release
00:00:00.329242 OS Product: Linux
00:00:00.329243 OS Release: 4.19.0-8-amd64
00:00:00.329244 OS Version: #1 SMP Debian 4.19.98-1 (2020-01-26)
00:00:00.329266 DMI Product Name: Precision M6800
00:00:00.329273 DMI Product Version: 00
00:00:00.329326 Host RAM: 15980MB (15.6GB) total, 14557MB (14.2GB) available
00:00:00.329330 Executable: /usr/lib/virtualbox/VirtualBox
00:00:00.329331 Process ID: 1575
00:00:00.329331 Package type: LINUX_64BITS_DEBIAN_10_0
00:00:00.329355 Qt version: 5.11.3
00:00:00.354172 GUI: UIMediumEnumerator: Medium-enumeration started...
00:00:00.354190 GUI: UIMediumEnumerator: Medium-enumeration finished!
00:00:00.693702 GUI: UIDesktopWidgetWatchdog::sltHandleHostScreenAvailableGeometryCalculated: Screen 0 work area is actually resized to: 0x26 x 2560x1414
00:00:00.701548 GUI: UIDesktopWidgetWatchdog::sltHandleHostScreenAvailableGeometryCalculated: Screen 1 work area is actually resized to: 2560x0 x 1920x1080
00:00:00.770573 Failed to open "/dev/vboxdrv", errno=13, rc=VERR_VM_DRIVER_NOT_ACCESSIBLE
00:00:00.778582 refreshCertificates/#1: InMem.Cert.TbsCertificate.T3.Extensions.papItems[#].ExtnValue.NameConstraints.T0.PermittedSubtrees.papItems[#]: Unexpected sequence type/flags: 0x2/0x80 (expected 0x10/0x20)
00:00:00.779533 refreshCertificates/#3: Found 1/127 SSL certs we/you trust (previously 0/0).
